testing output 
Device Name: NVIDIA GeForce GTX 1650
max sampelr allocation : 4000
max samplers : 1048576
max sampled images : 1048576
max image dimension 2d : 32768
before creating logic device 
after creating logic device 
after getting device queues 
after creating command pool 
after creating transfer comand pool 
before creating swap chain
after creating swap chain
creating texture : UI/NineUI.png
texture created successfully : UI/NineUI.png
creating texture : UI/NineFade.png
texture created successfully : UI/NineFade.png
creating texture : UI/clickyBox.png
texture created successfully : UI/clickyBox.png
creating texture : UI/bracketButton.png
texture created successfully : UI/bracketButton.png
creating texture : UI/bracketSlide.png
texture created successfully : UI/bracketSlide.png
creating texture : UI/unchecked.png
texture created successfully : UI/unchecked.png
creating texture : UI/checked.png
texture created successfully : UI/checked.png
creating texture : UI/ButtonUp.png
texture created successfully : UI/ButtonUp.png
creating texture : UI/menuBase.png
texture created successfully : UI/menuBase.png
creating texture : leaf.jpg
texture created successfully : leaf.jpg
creating texture : title.png
texture created successfully : title.png
creating texture : nasa/
texture created successfully : nasa/
creating texture : OverlayBack.png
texture created successfully : OverlayBack.png
creating texture : woodPlank.png
texture created successfully : woodPlank.png
creating texture : carrotFace.png
texture created successfully : carrotFace.png
creating texture : zeroFace.png
texture created successfully : zeroFace.png
creating texture : charmer/charmer
texture created successfully? : charmer/charmer
creating texture : carrot/lambert2
texture created successfully? : carrot/lambert2
creating texture : zero/zero
texture created successfully? : zero/zero
creating texture : tileSet.png
texture created successfully : tileSet.png
creating texture : tileCreation/pencil.png
texture created successfully : tileCreation/pencil.png
creating texture : tileCreation/eraser.png
texture created successfully : tileCreation/eraser.png
creating texture : tileCreation/colorSelection.png
texture created successfully : tileCreation/colorSelection.png
creating texture : tileCreation/bucketFill.png
texture created successfully : tileCreation/bucketFill.png
